Log file open, 05/06/17 14:38:16
LogInit:Display: Running engine for game: PewPewMania
LogPlatformFile: Not using cached read wrapper
LogInit:Display: RandInit(-898399157) SRandInit(-898399157).
LogTaskGraph: Started task graph with 5 named threads and 10 total threads with 1 sets of task threads.
LogStats: Stats thread started at 0.106892
LogInit: Using libcurl 7.47.1
LogInit:  - built for x86_64-pc-win32
LogInit:  - supports SSL with OpenSSL/1.0.2g
LogInit:  - supports HTTP deflate (compression) using libz 1.2.8
LogInit:  - other features:
LogInit:      CURL_VERSION_SSL
LogInit:      CURL_VERSION_LIBZ
LogInit:      CURL_VERSION_IPV6
LogInit:      CURL_VERSION_ASYNCHDNS
LogInit:      CURL_VERSION_LARGEFILE
LogInit:      CURL_VERSION_IDN
LogInit:  CurlRequestOptions (configurable via config and command line):
LogInit:  - bVerifyPeer = false  - Libcurl will NOT verify peer certificate
LogInit:  - bUseHttpProxy = false  - Libcurl will NOT use HTTP proxy
LogInit:  - bDontReuseConnections = false  - Libcurl will reuse connections
LogInit:  - CertBundlePath = nullptr  - Libcurl will use whatever was configured at build time.
LogInit: Build: ++UE4+Release-4.15-CL-3416026
LogInit: Engine Version: 4.15.2-3416026+++UE4+Release-4.15
LogInit: Compatible Engine Version: 4.15.0-3299760+++UE4+Release-4.15
LogInit: Net CL: 3299760
LogDevObjectVersion: Number of dev versions registered: 14
LogDevObjectVersion:   Dev-Blueprints (B0D832E4-1F89-4F0D-ACCF-7EB736FD4AA2): 8
LogDevObjectVersion:   Dev-Build (E1C64328-A22C-4D53-A36C-8E866417BD8C): 0
LogDevObjectVersion:   Dev-Core (375EC13C-06E4-48FB-B500-84F0262A717E): 2
LogDevObjectVersion:   Dev-Editor (E4B068ED-F494-42E9-A231-DA0B2E46BB41): 14
LogDevObjectVersion:   Dev-Framework (CFFC743F-43B0-4480-9391-14DF171D2073): 22
LogDevObjectVersion:   Dev-Mobile (B02B49B5-BB20-44E9-A304-32B752E40360): 0
LogDevObjectVersion:   Dev-Networking (A4E4105C-59A1-49B5-A7C5-40C4547EDFEE): 0
LogDevObjectVersion:   Dev-Online (39C831C9-5AE6-47DC-9A44-9C173E1C8E7C): 0
LogDevObjectVersion:   Dev-Physics (78F01B33-EBEA-4F98-B9B4-84EACCB95AA2): 0
LogDevObjectVersion:   Dev-Platform (6631380F-2D4D-43E0-8009-CF276956A95A): 0
LogDevObjectVersion:   Dev-Rendering (12F88B9F-8875-4AFC-A67C-D90C383ABD29): 12
LogDevObjectVersion:   Dev-Sequencer (7B5AE74C-D270-4C10-A958-57980B212A5A): 3
LogDevObjectVersion:   Dev-VR (D7296918-1DD6-4BDD-9DE2-64A83CC13884): 0
LogDevObjectVersion:   Dev-LoadTimes (C2A15278-BFE7-4AFE-6C17-90FF531DF755): 1
LogInit: Compiled (64-bit): May  1 2017 13:11:28
LogInit: Compiled with Visual C++: 19.00.23026.00
LogInit: Build Configuration: Development
LogInit: Branch Name: ++UE4+Release-4.15
LogInit: Command line: -EpicPortal 
LogInit: Base directory: D:/Program Files/Epic Games/UE_4.15/Engine/Binaries/Win64/
LogInit: Installed Engine Build: 1
LogInit: Presizing for max 8388607 objects, including 0 objects not considered by GC, pre-allocating 0 bytes for permanent pool.
LogInit: Object subsystem initialized
[2017.05.06-12.38.17:425][  0]LogInit: Selected Device Profile: [Windows]
[2017.05.06-12.38.17:425][  0]LogInit: Applying CVar settings loaded from the selected device profile: [Windows]
[2017.05.06-12.38.17:453][  0]LogInit: Computer: DESKTOP-LR0ATTB
[2017.05.06-12.38.17:453][  0]LogInit: User: novas
[2017.05.06-12.38.17:453][  0]LogInit: CPU Page size=65536, Cores=6
[2017.05.06-12.38.17:453][  0]LogInit: High frequency timer resolution =3.132102 MHz
[2017.05.06-12.38.17:453][  0]LogMemory: Memory total: Physical=12.0GB (12GB approx)
[2017.05.06-12.38.17:453][  0]LogMemory: Platform Memory Stats for Windows
[2017.05.06-12.38.17:453][  0]LogMemory: Process Physical Memory: 264.62 MB used, 264.62 MB peak
[2017.05.06-12.38.17:453][  0]LogMemory: Process Virtual Memory: 268.72 MB used, 268.72 MB peak
[2017.05.06-12.38.17:453][  0]LogMemory: Physical Memory: 7023.92 MB used,  5255.19 MB free, 12279.11 MB total
[2017.05.06-12.38.17:453][  0]LogMemory: Virtual Memory: 653.36 MB used,  5255.19 MB free, 134217728.00 MB total
[2017.05.06-12.38.17:539][  0]LogTextLocalizationManager: No translations for ('de-DE') exist, falling back to 'en' for localization and internationalization data.
[2017.05.06-12.38.18:303][  0]LogD3D11RHI: D3D11 adapters:
[2017.05.06-12.38.19:238][  0]LogD3D11RHI:    0. 'NVIDIA GeForce GTX 970' (Feature Level 11_0)
[2017.05.06-12.38.19:238][  0]LogD3D11RHI:       4059/0/6139 MB DedicatedVideo/DedicatedSystem/SharedSystem, Outputs:2, VendorId:0x10de
[2017.05.06-12.38.19:240][  0]LogD3D11RHI:    1. 'Microsoft Basic Render Driver' (Feature Level 11_0)
[2017.05.06-12.38.19:240][  0]LogD3D11RHI:       0/0/6139 MB DedicatedVideo/DedicatedSystem/SharedSystem, Outputs:0, VendorId:0x1414
[2017.05.06-12.38.19:240][  0]LogD3D11RHI: Chosen D3D11 Adapter: 0
[2017.05.06-12.38.19:247][  0]LogD3D11RHI: Creating new Direct3DDevice
[2017.05.06-12.38.19:247][  0]LogD3D11RHI:     GPU DeviceId: 0x13c2 (for the marketing name, search the web for "GPU Device Id")
[2017.05.06-12.38.19:247][  0]LogWindows: EnumDisplayDevices:
[2017.05.06-12.38.19:247][  0]LogWindows:    0. 'NVIDIA GeForce GTX 970' (P:1 D:1)
[2017.05.06-12.38.19:248][  0]LogWindows:    1. 'NVIDIA GeForce GTX 970' (P:0 D:1)
[2017.05.06-12.38.19:248][  0]LogWindows:    2. 'NVIDIA GeForce GTX 970' (P:0 D:0)
[2017.05.06-12.38.19:248][  0]LogWindows:    3. 'NVIDIA GeForce GTX 970' (P:0 D:0)
[2017.05.06-12.38.19:248][  0]LogWindows: DebugString: FoundDriverCount:4 
[2017.05.06-12.38.19:248][  0]LogD3D11RHI:     Adapter Name: NVIDIA GeForce GTX 970
[2017.05.06-12.38.19:248][  0]LogD3D11RHI:   Driver Version: 381.65 (internal:22.21.13.8165, unified:381.65)
[2017.05.06-12.38.19:248][  0]LogD3D11RHI:      Driver Date: 3-31-2017
[2017.05.06-12.38.19:248][  0]LogRHI: Texture pool is 1361 MB (70% of 1945 MB)
[2017.05.06-12.38.20:170][  0]LogD3D11RHI: [Aftermath] Aftermath enabled and primed
[2017.05.06-12.38.20:170][  0]LogD3D11RHI: Async texture creation enabled
[2017.05.06-12.38.20:206][  0]LogD3D11RHI: GPU Timing Frequency: 1000.000000 (Debug: 2 1)
[2017.05.06-12.38.20:304][  0]LogShaderCompilers: Guid format shader working directory is -34 characters bigger than the processId version (../../../../../../Users/novas/Documents/Unreal Projects/PewPewMania/Intermediate/Shaders/WorkingDirectory/15452/).
[2017.05.06-12.38.20:304][  0]LogShaderCompilers: Cleaned the shader compiler working directory 'D:/AppData/Local/Temp/UnrealShaderWorkingDir/E111C0F644E6CAF741835EB081D64D8D/'.
[2017.05.06-12.38.20:304][  0]LogShaderCompilers:Display: Using Local Shader Compiler.
[2017.05.06-12.38.21:738][  0]LogTemp:Display: Loaded TP AllDesktopTargetPlatform
[2017.05.06-12.38.21:805][  0]LogTemp:Display: Loaded TP MacClientTargetPlatform
[2017.05.06-12.38.21:874][  0]LogTemp:Display: Loaded TP MacNoEditorTargetPlatform
[2017.05.06-12.38.21:941][  0]LogTemp:Display: Loaded TP MacServerTargetPlatform
[2017.05.06-12.38.22:010][  0]LogTemp:Display: Loaded TP MacTargetPlatform
[2017.05.06-12.38.22:078][  0]LogTemp:Display: Loaded TP WindowsClientTargetPlatform
[2017.05.06-12.38.22:146][  0]LogTemp:Display: Loaded TP WindowsNoEditorTargetPlatform
[2017.05.06-12.38.22:214][  0]LogTemp:Display: Loaded TP WindowsServerTargetPlatform
[2017.05.06-12.38.22:266][  0]LogTemp:Display: Loaded TP WindowsTargetPlatform
[2017.05.06-12.38.22:333][  0]LogTemp:Display: Loaded TP AndroidTargetPlatform
[2017.05.06-12.38.22:399][  0]LogTemp:Display: Loaded TP Android_ASTCTargetPlatform
[2017.05.06-12.38.22:466][  0]LogTemp:Display: Loaded TP Android_ATCTargetPlatform
[2017.05.06-12.38.22:532][  0]LogTemp:Display: Loaded TP Android_DXTTargetPlatform
[2017.05.06-12.38.22:601][  0]LogTemp:Display: Loaded TP Android_ETC1TargetPlatform
[2017.05.06-12.38.22:668][  0]LogTemp:Display: Loaded TP Android_ETC2TargetPlatform
[2017.05.06-12.38.22:802][  0]LogTemp:Display: Loaded TP Android_MultiTargetPlatform
[2017.05.06-12.38.22:802][  0]LogTemp:Display: Loaded TP Android_PVRTCTargetPlatform
[2017.05.06-12.38.22:846][  0]LogTemp:Display: Loaded TP HTML5TargetPlatform
[2017.05.06-12.38.22:958][  0]LogTemp:Display: Loaded TP IOSTargetPlatform
[2017.05.06-12.38.23:003][  0]LogTemp:Display: Loaded TP TVOSTargetPlatform
[2017.05.06-12.38.23:070][  0]LogTemp:Display: Loaded TP LinuxClientTargetPlatform
[2017.05.06-12.38.23:137][  0]LogTemp:Display: Loaded TP LinuxNoEditorTargetPlatform
[2017.05.06-12.38.23:203][  0]LogTemp:Display: Loaded TP LinuxServerTargetPlatform
[2017.05.06-12.38.23:270][  0]LogTemp:Display: Loaded TP LinuxTargetPlatform
[2017.05.06-12.38.23:270][  0]LogTargetPlatformManager:Display: Building Assets For Windows
[2017.05.06-12.38.23:769][  0]LogDerivedDataCache:Display: Max Cache Size: 512 MB
[2017.05.06-12.38.23:847][  0]LogDerivedDataCache: Loaded boot cache 0.08s 50MB C:/Users/novas/AppData/Local/UnrealEngine/4.15/DerivedDataCache/Boot.ddc.
[2017.05.06-12.38.23:847][  0]LogDerivedDataCache:Display: Loaded Boot cache: C:/Users/novas/AppData/Local/UnrealEngine/4.15/DerivedDataCache/Boot.ddc
[2017.05.06-12.38.23:847][  0]LogDerivedDataCache: FDerivedDataBackendGraph:  Pak pak cache file ../../../../../../Users/novas/Documents/Unreal Projects/PewPewMania/DerivedDataCache/DDC.ddp not found, will not use a pak cache.
[2017.05.06-12.38.23:847][  0]LogDerivedDataCache: Unable to find inner node Pak for hierarchical cache Hierarchy.
[2017.05.06-12.38.23:847][  0]LogDerivedDataCache: FDerivedDataBackendGraph:  CompressedPak pak cache file ../../../../../../Users/novas/Documents/Unreal Projects/PewPewMania/DerivedDataCache/Compressed.ddp not found, will not use a pak cache.
[2017.05.06-12.38.23:847][  0]LogDerivedDataCache: Unable to find inner node CompressedPak for hierarchical cache Hierarchy.
[2017.05.06-12.38.23:866][  0]LogDerivedDataCache:Display: Pak cache opened for reading ../../../Engine/DerivedDataCache/Compressed.ddp.
[2017.05.06-12.38.23:878][  0]LogDerivedDataCache: Using Local data cache path C:/Users/novas/AppData/Local/UnrealEngine/Common/DerivedDataCache: Writable
[2017.05.06-12.38.23:891][  0]LogSlate: Using Freetype 2.6.0
[2017.05.06-12.38.23:891][  0]LogSlate: SlateFontCache - WITH_FREETYPE: 1, WITH_HARFBUZZ: 1
[2017.05.06-12.38.23:891][  0]LogSlate: SlateFontCache - WITH_FREETYPE: 1, WITH_HARFBUZZ: 1
[2017.05.06-12.38.24:271][  0]LogInit: Selected Device Profile: [Windows]
[2017.05.06-12.38.24:276][  0]LogContentStreaming: Texture pool size is 0.00 MB
[2017.05.06-12.38.24:526][  0]LogMeshUtilities: Using QuadricMeshReduction for automatic static mesh reduction
[2017.05.06-12.38.24:574][  0]LogSimplygon: Simplygon DLL not present - disabling.
[2017.05.06-12.38.24:625][  0]LogMeshUtilities: Using SimplygonSwarm for distributed automatic mesh merging
[2017.05.06-12.38.24:625][  0]LogMeshUtilities: No automatic skeletal mesh reduction module available
[2017.05.06-12.38.24:625][  0]LogMeshUtilities: No automatic mesh merging module available
[2017.05.06-12.38.25:324][  0]LogNetVersion: GetLocalNetworkVersion: CL: 3299760, ProjectName: pewpewmania, ProjectVersion: , EngineNetworkVersion: 2, GameNetworkVersion: 0, NetworkChecksum: 1817407167
[2017.05.06-12.38.25:372][  0]LogAssetRegistry: FAssetRegistry took 0.0216 seconds to start up
[2017.05.06-12.38.25:413][  0]LogPackageLocalizationCache: Processed 3 localized package path(s) for 1 prioritized culture(s) in 0.017430 seconds
[2017.05.06-12.38.25:418][  0]LogUObjectArray: 32493 objects as part of root set at end of initial load.
[2017.05.06-12.38.25:419][  0]LogUObjectAllocator: 7077032 out of 0 bytes used by permanent object pool.
[2017.05.06-12.38.25:419][  0]LogUObjectArray: CloseDisregardForGC: 0/0 objects in disregard for GC pool
[2017.05.06-12.38.25:488][  0]LogInit: WinSock: version 1.1 (2.2), MaxSocks=32767, MaxUdp=65467
[2017.05.06-12.38.27:359][  0]LogTcpMessaging: Initializing TcpMessaging bridge
[2017.05.06-12.38.27:402][  0]LogUdpMessaging: Initializing bridge on interface 0.0.0.0:0 to multicast group 230.0.0.1:6666.
[2017.05.06-12.38.27:910][  0]LogMaterial: Uniform references updated for custom material expression Custom.
[2017.05.06-12.38.28:361][  0]SourceControl: Info Source control is disabled
[2017.05.06-12.38.28:409][  0]SourceControl: Info Source control is disabled
[2017.05.06-12.38.28:465][  0]SourceControl: Info Source control is disabled
[2017.05.06-12.38.28:514][  0]SourceControl: Info Source control is disabled
[2017.05.06-12.38.29:908][  0]LogEngine: Initializing Engine...
[2017.05.06-12.38.29:908][  0]LogHMD: Failed to initialize OpenVR with code 110
[2017.05.06-12.38.30:069][  0]LogStats: UGameplayTagsManager::ConstructGameplayTagTree: Construct from data asset -  0.000 s
[2017.05.06-12.38.30:069][  0]LogStats: UGameplayTagsManager::ConstructGameplayTagTree: GameplayTagTreeChangedEvent.Broadcast -  0.000 s
[2017.05.06-12.38.30:217][  0]LogAIModule: Creating AISystem for world Untitled
[2017.05.06-12.38.30:249][  0]LogInit: XAudio2 using 'Lautsprecher (High Definition Audio-Gerät)' : 2 channels at 44.1 kHz using 16 bits per sample (channel mask 0x3)
[2017.05.06-12.38.30:265][  0]LogInit: FAudioDevice initialized.
[2017.05.06-12.38.30:297][  0]LogDerivedDataCache: Saved boot cache 0.03s 50MB C:/Users/novas/AppData/Local/UnrealEngine/4.15/DerivedDataCache/Boot.ddc.
[2017.05.06-12.38.30:314][  0]LogInit: Texture streaming: Enabled
[2017.05.06-12.38.30:426][  0]LogEngineSessionManager: EngineSessionManager initialized
[2017.05.06-12.38.30:556][  0]LogInit: Transaction tracking system initialized
[2017.05.06-12.38.30:954][  0]BlueprintLog: New page: Editor Load
[2017.05.06-12.38.31:953][  0]LocalizationService: Info Localization service is disabled
[2017.05.06-12.38.32:683][  0]LogConsoleResponse:Display: 
[2017.05.06-12.38.32:912][  0]LogCook:Display: Max memory allowance for cook 16384mb min free memory 0mb
[2017.05.06-12.38.32:912][  0]LogCook:Display: Mobile HDR setting 1
[2017.05.06-12.38.33:058][  0]LogFileCache: Scanning file cache for directory 'D:/Users/novas/Documents/Unreal Projects/PewPewMania/Content/' took 0.03s
[2017.05.06-12.38.34:035][  0]SourceControl: Info Source control is disabled
[2017.05.06-12.38.34:035][  0]Cmd: MAP LOAD FILE="../../../Engine/Content/Maps/Templates/Template_Default.umap" TEMPLATE=1 SHOWPROGRESS=1 FEATURELEVEL=3
[2017.05.06-12.38.34:036][  0]LightingResults: New page: Lighting Build
[2017.05.06-12.38.34:080][  0]MapCheck: New page: Map Check
[2017.05.06-12.38.34:080][  0]LightingResults: New page: Lighting Build
[2017.05.06-12.38.34:409][  0]LogAIModule: Creating AISystem for world Untitled_1
[2017.05.06-12.38.34:431][  0]LogActorComponent: RegisterComponentWithWorld: (/Temp/Untitled_1.Untitled_1:PersistentLevel.WorldSettings_1.StaticMeshComponent0) Trying to register component with IsPendingKill() == true. Aborting.
[2017.05.06-12.38.34:437][  0]LogEditorServer: Finished looking for orphan Actors (0.000 secs)
[2017.05.06-12.38.34:441][  0]Cmd: MAP CHECKDEP NOCLEARLOG
[2017.05.06-12.38.34:492][  0]MapCheck: Info Map check complete: 0 Error(s), 0 Warning(s), took 50.949ms to complete.
[2017.05.06-12.38.34:492][  0]LogFileHelpers: Loading map 'Template_Default' took 0.457
[2017.05.06-12.38.35:468][  0]LogCollectionManager: Loaded 0 collections in 0.001025 seconds
[2017.05.06-12.38.35:657][  0]LogFileCache: Scanning file cache for directory 'D:/Users/novas/Documents/Unreal Projects/PewPewMania/Saved/Collections/' took 0.01s
[2017.05.06-12.38.35:657][  0]LogFileCache: Scanning file cache for directory 'D:/Users/novas/Documents/Unreal Projects/PewPewMania/Content/Developers/novas/Collections/' took 0.01s
[2017.05.06-12.38.35:657][  0]LogFileCache: Scanning file cache for directory 'D:/Users/novas/Documents/Unreal Projects/PewPewMania/Content/Collections/' took 0.01s
[2017.05.06-12.38.35:657][  0]LogCollectionManager: Rebuilt the GUID cache for 0 collections in 0.000005 seconds
[2017.05.06-12.38.35:697][  0]LogContentBrowser: Native class hierarchy populated in 0.0139 seconds. Added 2245 classes and 453 folders.
[2017.05.06-12.38.35:883][  0]LogContentBrowser: Native class hierarchy updated for 'WidgetCarousel' in 0.0007 seconds. Added 0 classes and 0 folders.
[2017.05.06-12.38.36:701][  0]LogContentBrowser: Native class hierarchy updated for 'AddContentDialog' in 0.0007 seconds. Added 0 classes and 0 folders.
[2017.05.06-12.38.36:895][  0]LogContentBrowser: Native class hierarchy updated for 'SceneOutliner' in 0.0007 seconds. Added 1 classes and 2 folders.
[2017.05.06-12.38.38:172][  0]LogCrashTracker: Crashtracker disabled due to settings.
[2017.05.06-12.38.38:437][  0]LogUObjectGlobals:Warning: Failed to find object 'Class None.'
[2017.05.06-12.38.38:571][  0]LogContentBrowser: Native class hierarchy updated for 'HierarchicalLODOutliner' in 0.0008 seconds. Added 1 classes and 2 folders.
[2017.05.06-12.38.38:571][  0]LogLoad: (Engine Initialization) Total time: 24.01 seconds
[2017.05.06-12.38.38:571][  0]LogLoad: (Engine Initialization) Total Blueprint compile time: 0.12 seconds
[2017.05.06-12.38.38:571][  0]LogExternalProfiler: No external profilers were discovered.  External profiling features will not be available.
[2017.05.06-12.38.38:582][  0]LogWindowsTextInputMethodSystem:Display: IME system now deactivated.
[2017.05.06-12.38.38:583][  0]LogOcInput: OculusInput pre-init called
[2017.05.06-12.38.38:831][  0]LogContentStreaming: Texture pool size now 1000 MB
[2017.05.06-12.38.38:832][  0]LogSlate: Took 0.000295 seconds to synchronously load lazily loaded font '../../../Engine/Content/Slate/Fonts/Roboto-Regular.ttf' (155K)
[2017.05.06-12.38.38:837][  0]LogSlate: Took 0.000344 seconds to synchronously load lazily loaded font '../../../Engine/Content/Slate/Fonts/Roboto-Bold.ttf' (160K)
[2017.05.06-12.38.38:886][  0]LogSlate: Took 0.011319 seconds to synchronously load lazily loaded font '../../../Engine/Content/Editor/Slate/Fonts/FontAwesome.ttf' (139K)
[2017.05.06-12.38.39:777][  0]LogRenderer: Reallocating scene render targets to support 1208x576 NumSamples 1 (Frame:2).
[2017.05.06-12.38.40:335][  2]LogAssetRegistry: Asset discovery search completed in 14.9841 seconds
[2017.05.06-12.38.40:335][  2]LogCollectionManager: Rebuilt the object cache for 0 collections in 0.000006 seconds (found 0 objects)
[2017.05.06-12.38.40:335][  2]LogCollectionManager: Fixed up redirectors for 0 collections in 0.000024 seconds (updated 0 objects)
[2017.05.06-12.38.43:676][322]LogSlate: Took 0.019395 seconds to synchronously load lazily loaded font '../../../Engine/Content/Slate/Fonts/Roboto-Light.ttf' (159K)
[2017.05.06-12.38.44:810][423]LogSlate: Took 0.000243 seconds to synchronously load lazily loaded font '../../../Engine/Content/Slate/Fonts/Roboto-Light.ttf' (159K)
[2017.05.06-12.38.45:732][423]LogSlate: Took 0.000261 seconds to synchronously load lazily loaded font '../../../Engine/Content/Slate/Fonts/Roboto-Regular.ttf' (155K)
[2017.05.06-12.38.46:400][423]LogAIModule: Creating AISystem for world Main
[2017.05.06-12.38.46:541][423]Cmd: MAP LOAD FILE="../../../../../../Users/novas/Documents/Unreal Projects/PewPewMania/Content/Maps/Main.umap" TEMPLATE=0 SHOWPROGRESS=1 FEATURELEVEL=3
[2017.05.06-12.38.46:541][423]LightingResults: New page: Lighting Build
[2017.05.06-12.38.46:543][423]LoadErrors: New page: Loading map: Main.umap
[2017.05.06-12.38.46:544][423]MapCheck: New page: Map Check
[2017.05.06-12.38.46:544][423]LightingResults: New page: Lighting Build
[2017.05.06-12.38.46:765][423]LogEditorServer: Finished looking for orphan Actors (0.000 secs)
[2017.05.06-12.38.46:838][423]Cmd: MAP CHECKDEP NOCLEARLOG
[2017.05.06-12.38.46:899][423]MapCheck: Info Map check complete: 0 Error(s), 0 Warning(s), took 60.932ms to complete.
[2017.05.06-12.38.46:899][423]LogFileHelpers: Loading map 'Main' took 0.362
[2017.05.06-13.00.16:422][ 19]SourceControl: Info On branch master
[2017.05.06-13.00.16:422][ 19]SourceControl: Info Your branch is up-to-date with 'origin/master'.
[2017.05.06-13.00.16:422][ 19]SourceControl: Info Changes not staged for commit:
[2017.05.06-13.00.16:422][ 19]SourceControl: Info   (use "git add <file>..." to update what will be committed)
[2017.05.06-13.00.16:422][ 19]SourceControl: Info   (use "git checkout -- <file>..." to discard changes in working directory)
[2017.05.06-13.00.16:422][ 19]SourceControl: Info 	modified:   .gitattributes
[2017.05.06-13.00.16:422][ 19]SourceControl: Info Untracked files:
[2017.05.06-13.00.16:422][ 19]SourceControl: Info   (use "git add <file>..." to include in what will be committed)
[2017.05.06-13.00.16:422][ 19]SourceControl: Info 	Config/
[2017.05.06-13.00.16:422][ 19]SourceControl: Info 	Content/
[2017.05.06-13.00.16:422][ 19]SourceControl: Info 	Intermediate/
[2017.05.06-13.00.16:422][ 19]SourceControl: Info 	Saved/
[2017.05.06-13.00.16:422][ 19]SourceControl: Info no changes added to commit (use "git add" and/or "git commit -a")
[2017.05.06-13.04.15:485][768]SourceControl:Error: Error git-lfs clean -- 'Content/Blueprints/Bullet.uasset': git-lfs: command not found
[2017.05.06-13.04.15:485][768]SourceControl:Error: Error error: external filter git-lfs clean -- %f failed -1
[2017.05.06-13.04.15:485][768]SourceControl:Error: Error error: external filter git-lfs clean -- %f failed
[2017.05.06-13.04.15:485][768]SourceControl:Error: Error fatal: Content/Blueprints/Bullet.uasset: clean filter 'lfs' failed
[2017.05.06-13.04.19:391][ 94]SourceControl:Error: Error git-lfs clean -- 'Content/Maps/Main.umap': git-lfs: command not found
[2017.05.06-13.04.19:391][ 94]SourceControl:Error: Error error: external filter git-lfs clean -- %f failed -1
[2017.05.06-13.04.19:391][ 94]SourceControl:Error: Error error: external filter git-lfs clean -- %f failed
[2017.05.06-13.04.19:391][ 94]SourceControl:Error: Error fatal: Content/Maps/Main.umap: clean filter 'lfs' failed
[2017.05.06-13.04.22:921][401]SourceControl: Info fatal: D:/Program Files/Epic Games/UE_4.15/Engine/Content/: 'D:/Program Files/Epic Games/UE_4.15/Engine/Content/' is outside repository
[2017.05.06-13.04.23:084][401]LogPackageName:Error: Illegal call to DoesPackageExist: '../../../../../../Users/novas/Documents/Unreal Projects/PewPewMania/PewPewMania.uproject' is not a standard unreal filename or a long path name. Reason: Path should be no less than 4 characters long.
[2017.05.06-13.04.23:546][401]LogStats: FPlatformStackWalk::StackWalkAndDump -  0.451 s
[2017.05.06-13.04.23:546][401]LogOutputDevice:Error: === Handled ensure: ===
[2017.05.06-13.04.23:546][401]LogOutputDevice:Error: 
[2017.05.06-13.04.23:546][401]LogOutputDevice:Error: Ensure condition failed: false [File:D:\Build\++UE4+Release-4.15+Compile\Sync\Engine\Source\Runtime\CoreUObject\Private\Misc\PackageName.cpp] [Line: 650]
[2017.05.06-13.04.23:546][401]LogOutputDevice:Error: Illegal call to DoesPackageExist: '../../../../../../Users/novas/Documents/Unreal Projects/PewPewMania/PewPewMania.uproject' is not a standard unreal filename or a long path name. Reason: Path should be no less than 4 characters long.
[2017.05.06-13.04.23:546][401]LogOutputDevice:Error: Stack: 
[2017.05.06-13.04.23:546][401]LogOutputDevice:Error: UE4Editor-Core.dll!0x00000000B4DC95E6
[2017.05.06-13.04.23:546][401]LogOutputDevice:Error: UE4Editor-Core.dll!0x00000000B4B79B82
[2017.05.06-13.04.23:546][401]LogOutputDevice:Error: UE4Editor-Core.dll!0x00000000B4B8B666
[2017.05.06-13.04.23:546][401]LogOutputDevice:Error: UE4Editor-CoreUObject.dll!0x00000000B535A6E8
[2017.05.06-13.04.23:546][401]LogOutputDevice:Error: UE4Editor-SourceControl.dll!0x00000000BA6F3D22
[2017.05.06-13.04.23:546][401]LogOutputDevice:Error: UE4Editor-SourceControl.dll!0x00000000BA6F3EB9
[2017.05.06-13.04.23:546][401]LogOutputDevice:Error: UE4Editor-SourceControlWindows.dll!0x00000000A8431D2E
[2017.05.06-13.04.23:546][401]LogOutputDevice:Error: UE4Editor-SourceControlWindows.dll!0x00000000A83EB4B5
[2017.05.06-13.04.23:546][401]LogOutputDevice:Error: UE4Editor-SourceControlWindows.dll!0x00000000A83EAA8D
[2017.05.06-13.04.23:546][401]LogOutputDevice:Error: UE4Editor-SourceControlWindows.dll!0x00000000A83FF274
[2017.05.06-13.04.23:546][401]LogOutputDevice:Error: UE4Editor-GitSourceControl.dll!0x00000000A014B851
[2017.05.06-13.04.23:546][401]LogOutputDevice:Error: UE4Editor-GitSourceControl.dll!0x00000000A015D1ED
[2017.05.06-13.04.23:546][401]LogOutputDevice:Error: UE4Editor-SourceControl.dll!0x00000000BA6F9C5C
[2017.05.06-13.04.23:546][401]LogOutputDevice:Error: UE4Editor-UnrealEd.dll!0x00000000AF767517
[2017.05.06-13.04.23:546][401]LogOutputDevice:Error: UE4Editor-UnrealEd.dll!0x00000000AFF72156
[2017.05.06-13.04.23:546][401]LogOutputDevice:Error: UE4Editor.exe!0x00000000B80FDEE3
[2017.05.06-13.04.23:546][401]LogOutputDevice:Error: UE4Editor.exe!0x00000000B80EEB40
[2017.05.06-13.04.23:546][401]LogOutputDevice:Error: UE4Editor.exe!0x00000000B80EEBBA
[2017.05.06-13.04.23:546][401]LogOutputDevice:Error: UE4Editor.exe!0x00000000B8100A29
[2017.05.06-13.04.23:546][401]LogOutputDevice:Error: UE4Editor.exe!0x00000000B81022B6
[2017.05.06-13.04.23:546][401]LogOutputDevice:Error: KERNEL32.DLL!0x00000000FE182774
[2017.05.06-13.04.23:546][401]LogOutputDevice:Error: ntdll.dll!0x0000000000BC0D61
[2017.05.06-13.04.23:546][401]LogOutputDevice:Error: 
[2017.05.06-13.04.23:550][401]LogStats:                SubmitErrorReport -  0.000 s
